{"contracts/ERC20Helper.sol":{"l":{"12":0},"path":"/Users/joaohenriquecosta/gitf/bounty-board/packages/truffle/contracts/ERC20Helper.sol","s":{"1":0},"b":{},"f":{"1":0},"fnMap":{"1":{"name":"constructor","line":11,"loc":{"start":{"line":7,"column":2},"end":{"line":13,"column":2}}}},"statementMap":{"1":{"start":{"line":12,"column":4},"end":{"line":12,"column":28}}},"branchMap":{}},"contracts/Escrow.sol":{"l":{"39":0,"40":0,"44":0,"45":0,"49":0,"53":0,"61":0,"65":0,"69":0,"73":0,"82":0,"86":0,"87":0,"104":0,"116":0,"117":0,"118":0,"119":0,"120":0,"121":0,"129":0,"137":0,"139":0,"144":0,"146":0,"148":0,"152":0,"156":0,"160":0,"168":0,"184":0,"190":0,"191":0,"192":0,"196":0,"200":0,"202":0},"path":"/Users/joaohenriquecosta/gitf/bounty-board/packages/truffle/contracts/Escrow.sol","s":{"1":0,"2":0,"3":0,"4":0,"5":0,"6":0,"7":0,"8":0,"9":0,"10":0,"11":0,"12":0,"13":0,"14":0,"15":0,"16":0,"17":0,"18":0,"19":0,"20":0,"21":0,"22":0,"23":0,"24":0,"25":0,"26":0,"27":0,"28":0,"29":0,"30":0,"31":0,"32":0,"33":0,"34":0},"b":{"1":[0,0],"2":[0,0],"3":[0,0],"4":[0,0],"5":[0,0],"6":[0,0],"7":[0,0],"8":[0,0],"9":[0,0],"10":[0,0]},"f":{"1":0,"2":0,"3":0,"4":0,"5":0,"6":0,"7":0,"8":0,"9":0,"10":0,"11":0,"12":0,"13":0,"14":0,"15":0,"16":0,"17":0},"fnMap":{"1":{"name":"onlyPayer","line":38,"loc":{"start":{"line":38,"column":2},"end":{"line":41,"column":2}}},"2":{"name":"onlyOwner","line":43,"loc":{"start":{"line":43,"column":2},"end":{"line":46,"column":2}}},"3":{"name":"constructor","line":48,"loc":{"start":{"line":48,"column":2},"end":{"line":50,"column":2}}},"4":{"name":"firstPaymentPercentage","line":52,"loc":{"start":{"line":52,"column":2},"end":{"line":54,"column":2}}},"5":{"name":"bounties","line":56,"loc":{"start":{"line":56,"column":2},"end":{"line":62,"column":2}}},"6":{"name":"balance","line":64,"loc":{"start":{"line":64,"column":2},"end":{"line":66,"column":2}}},"7":{"name":"owner","line":68,"loc":{"start":{"line":68,"column":2},"end":{"line":70,"column":2}}},"8":{"name":"changeOwner","line":72,"loc":{"start":{"line":72,"column":2},"end":{"line":74,"column":2}}},"9":{"name":null,"line":76,"loc":{"start":{"line":76,"column":2},"end":{"line":76,"column":31}}},"10":{"name":"changeFirstPaymentPercentage","line":80,"loc":{"start":{"line":78,"column":2},"end":{"line":83,"column":2}}},"11":{"name":"notZeroAddress","line":85,"loc":{"start":{"line":85,"column":2},"end":{"line":88,"column":2}}},"12":{"name":"hashBountyInfo","line":98,"loc":{"start":{"line":98,"column":2},"end":{"line":105,"column":2}}},"13":{"name":"defineNewBounty","line":115,"loc":{"start":{"line":107,"column":2},"end":{"line":122,"column":2}}},"14":{"name":"getContributorPercentage","line":124,"loc":{"start":{"line":124,"column":2},"end":{"line":130,"column":2}}},"15":{"name":"deposit","line":135,"loc":{"start":{"line":132,"column":2},"end":{"line":176,"column":2}}},"16":{"name":"emergencyWithdrawal","line":182,"loc":{"start":{"line":180,"column":2},"end":{"line":193,"column":2}}},"17":{"name":"confirmDelivery","line":195,"loc":{"start":{"line":195,"column":2},"end":{"line":206,"column":2}}}},"statementMap":{"1":{"start":{"line":39,"column":4},"end":{"line":39,"column":74}},"2":{"start":{"line":44,"column":4},"end":{"line":44,"column":46}},"3":{"start":{"line":49,"column":4},"end":{"line":49,"column":22}},"4":{"start":{"line":53,"column":4},"end":{"line":53,"column":41}},"5":{"start":{"line":61,"column":4},"end":{"line":61,"column":32}},"6":{"start":{"line":65,"column":4},"end":{"line":65,"column":32}},"7":{"start":{"line":69,"column":4},"end":{"line":69,"column":17}},"8":{"start":{"line":73,"column":4},"end":{"line":73,"column":20}},"9":{"start":{"line":82,"column":4},"end":{"line":82,"column":49}},"10":{"start":{"line":86,"column":4},"end":{"line":86,"column":58}},"11":{"start":{"line":104,"column":4},"end":{"line":104,"column":74}},"12":{"start":{"line":116,"column":4},"end":{"line":116,"column":51}},"13":{"start":{"line":117,"column":4},"end":{"line":117,"column":39}},"14":{"start":{"line":118,"column":4},"end":{"line":118,"column":39}},"15":{"start":{"line":119,"column":4},"end":{"line":119,"column":39}},"16":{"start":{"line":120,"column":4},"end":{"line":120,"column":57}},"17":{"start":{"line":121,"column":4},"end":{"line":121,"column":61}},"18":{"start":{"line":129,"column":4},"end":{"line":129,"column":51}},"19":{"start":{"line":137,"column":4},"end":{"line":137,"column":71}},"20":{"start":{"line":139,"column":4},"end":{"line":139,"column":3192}},"21":{"start":{"line":144,"column":4},"end":{"line":144,"column":59}},"22":{"start":{"line":146,"column":4},"end":{"line":146,"column":56}},"23":{"start":{"line":148,"column":4},"end":{"line":148,"column":3431}},"24":{"start":{"line":152,"column":4},"end":{"line":152,"column":3575}},"25":{"start":{"line":156,"column":4},"end":{"line":156,"column":3743}},"26":{"start":{"line":160,"column":4},"end":{"line":160,"column":3855}},"27":{"start":{"line":168,"column":4},"end":{"line":168,"column":4038}},"28":{"start":{"line":184,"column":4},"end":{"line":184,"column":4382}},"29":{"start":{"line":190,"column":4},"end":{"line":190,"column":48}},"30":{"start":{"line":191,"column":4},"end":{"line":191,"column":34}},"31":{"start":{"line":192,"column":4},"end":{"line":192,"column":68}},"32":{"start":{"line":196,"column":4},"end":{"line":196,"column":4835}},"33":{"start":{"line":200,"column":4},"end":{"line":200,"column":47}},"34":{"start":{"line":202,"column":4},"end":{"line":202,"column":4997}}},"branchMap":{"1":{"line":39,"type":"if","locations":[{"start":{"line":39,"column":4},"end":{"line":39,"column":4}},{"start":{"line":39,"column":4},"end":{"line":39,"column":4}}]},"2":{"line":44,"type":"if","locations":[{"start":{"line":44,"column":4},"end":{"line":44,"column":4}},{"start":{"line":44,"column":4},"end":{"line":44,"column":4}}]},"3":{"line":86,"type":"if","locations":[{"start":{"line":86,"column":4},"end":{"line":86,"column":4}},{"start":{"line":86,"column":4},"end":{"line":86,"column":4}}]},"4":{"line":137,"type":"if","locations":[{"start":{"line":137,"column":4},"end":{"line":137,"column":4}},{"start":{"line":137,"column":4},"end":{"line":137,"column":4}}]},"5":{"line":139,"type":"if","locations":[{"start":{"line":139,"column":4},"end":{"line":139,"column":4}},{"start":{"line":139,"column":4},"end":{"line":139,"column":4}}]},"6":{"line":160,"type":"if","locations":[{"start":{"line":160,"column":4},"end":{"line":160,"column":4}},{"start":{"line":160,"column":4},"end":{"line":160,"column":4}}]},"7":{"line":168,"type":"if","locations":[{"start":{"line":168,"column":4},"end":{"line":168,"column":4}},{"start":{"line":168,"column":4},"end":{"line":168,"column":4}}]},"8":{"line":184,"type":"if","locations":[{"start":{"line":184,"column":4},"end":{"line":184,"column":4}},{"start":{"line":184,"column":4},"end":{"line":184,"column":4}}]},"9":{"line":192,"type":"if","locations":[{"start":{"line":192,"column":4},"end":{"line":192,"column":4}},{"start":{"line":192,"column":4},"end":{"line":192,"column":4}}]},"10":{"line":196,"type":"if","locations":[{"start":{"line":196,"column":4},"end":{"line":196,"column":4}},{"start":{"line":196,"column":4},"end":{"line":196,"column":4}}]}}}}